18:36:26 [main] LinkBotDB:33 ERROR - Fail connect to DB:
java.sql.SQLException: No suitable driver found for jdbc:postgresql://null
	at java.sql.DriverManager.getConnection(DriverManager.java:706) ~[java.sql:?]
	at java.sql.DriverManager.getConnection(DriverManager.java:229) ~[java.sql:?]
	at com.Jeka8833.LinkBot.dataBase.DatabaseManager.connect(DatabaseManager.java:30) ~[main/:?]
	at com.Jeka8833.LinkBot.dataBase.DatabaseManager.initConnect(DatabaseManager.java:75) ~[main/:?]
	at com.Jeka8833.LinkBot.Main.main(Main.java:16) ~[main/:?]
20:33:19 [main] LinkBotDB:33 ERROR - Fail connect to DB:
java.sql.SQLException: No suitable driver found for jdbc:postgresql://null
	at java.sql.DriverManager.getConnection(DriverManager.java:706) ~[java.sql:?]
	at java.sql.DriverManager.getConnection(DriverManager.java:229) ~[java.sql:?]
	at com.Jeka8833.LinkBot.dataBase.DatabaseManager.connect(DatabaseManager.java:30) ~[main/:?]
	at com.Jeka8833.LinkBot.dataBase.DatabaseManager.initConnect(DatabaseManager.java:75) ~[main/:?]
	at com.Jeka8833.LinkBot.Main.main(Main.java:16) ~[main/:?]
20:36:53 [main] LinkBotDB:33 ERROR - Fail connect to DB:
java.sql.SQLException: No suitable driver found for jdbc:postgresql://3.108.2.157
	at java.sql.DriverManager.getConnection(DriverManager.java:706) ~[java.sql:?]
	at java.sql.DriverManager.getConnection(DriverManager.java:229) ~[java.sql:?]
	at com.Jeka8833.LinkBot.dataBase.DatabaseManager.connect(DatabaseManager.java:30) ~[main/:?]
	at com.Jeka8833.LinkBot.dataBase.DatabaseManager.initConnect(DatabaseManager.java:75) ~[main/:?]
	at com.Jeka8833.LinkBot.Main.main(Main.java:16) ~[main/:?]
20:40:00 [main] LinkBotDB:33 ERROR - Fail connect to DB:
org.postgresql.util.PSQLException: Unable to parse URL jdbc:postgresql://3.108.2.157:5432
	at org.postgresql.Driver.connect(Driver.java:274) ~[postgresql-42.5.0.jar:42.5.0]
	at java.sql.DriverManager.getConnection(DriverManager.java:681) ~[java.sql:?]
	at java.sql.DriverManager.getConnection(DriverManager.java:229) ~[java.sql:?]
	at com.Jeka8833.LinkBot.dataBase.DatabaseManager.connect(DatabaseManager.java:30) ~[main/:?]
	at com.Jeka8833.LinkBot.dataBase.DatabaseManager.initConnect(DatabaseManager.java:75) ~[main/:?]
	at com.Jeka8833.LinkBot.Main.main(Main.java:16) ~[main/:?]
20:40:57 [main] LinkBotDB:30 ERROR - Fail read settings:
org.postgresql.util.PSQLException: ERROR: relation "LB_Setting" does not exist
  Position: 15
	at org.postgresql.core.v3.QueryExecutorImpl.receiveErrorResponse(QueryExecutorImpl.java:2676) ~[postgresql-42.5.0.jar:42.5.0]
	at org.postgresql.core.v3.QueryExecutorImpl.processResults(QueryExecutorImpl.java:2366) ~[postgresql-42.5.0.jar:42.5.0]
	at org.postgresql.core.v3.QueryExecutorImpl.execute(QueryExecutorImpl.java:356) ~[postgresql-42.5.0.jar:42.5.0]
	at org.postgresql.jdbc.PgStatement.executeInternal(PgStatement.java:496) ~[postgresql-42.5.0.jar:42.5.0]
	at org.postgresql.jdbc.PgStatement.execute(PgStatement.java:413) ~[postgresql-42.5.0.jar:42.5.0]
	at org.postgresql.jdbc.PgStatement.executeWithFlags(PgStatement.java:333) ~[postgresql-42.5.0.jar:42.5.0]
	at org.postgresql.jdbc.PgStatement.executeCachedSql(PgStatement.java:319) ~[postgresql-42.5.0.jar:42.5.0]
	at org.postgresql.jdbc.PgStatement.executeWithFlags(PgStatement.java:295) ~[postgresql-42.5.0.jar:42.5.0]
	at org.postgresql.jdbc.PgStatement.executeQuery(PgStatement.java:244) ~[postgresql-42.5.0.jar:42.5.0]
	at com.Jeka8833.LinkBot.dataBase.LinkBotDB.read(LinkBotDB.java:22) ~[main/:?]
	at com.Jeka8833.LinkBot.Main.main(Main.java:19) ~[main/:?]
20:40:57 [main] LinkBotDB:48 ERROR - Fail read users:
org.postgresql.util.PSQLException: ERROR: relation "LB_Users" does not exist
  Position: 15
	at org.postgresql.core.v3.QueryExecutorImpl.receiveErrorResponse(QueryExecutorImpl.java:2676) ~[postgresql-42.5.0.jar:42.5.0]
	at org.postgresql.core.v3.QueryExecutorImpl.processResults(QueryExecutorImpl.java:2366) ~[postgresql-42.5.0.jar:42.5.0]
	at org.postgresql.core.v3.QueryExecutorImpl.execute(QueryExecutorImpl.java:356) ~[postgresql-42.5.0.jar:42.5.0]
	at org.postgresql.jdbc.PgStatement.executeInternal(PgStatement.java:496) ~[postgresql-42.5.0.jar:42.5.0]
	at org.postgresql.jdbc.PgStatement.execute(PgStatement.java:413) ~[postgresql-42.5.0.jar:42.5.0]
	at org.postgresql.jdbc.PgStatement.executeWithFlags(PgStatement.java:333) ~[postgresql-42.5.0.jar:42.5.0]
	at org.postgresql.jdbc.PgStatement.executeCachedSql(PgStatement.java:319) ~[postgresql-42.5.0.jar:42.5.0]
	at org.postgresql.jdbc.PgStatement.executeWithFlags(PgStatement.java:295) ~[postgresql-42.5.0.jar:42.5.0]
	at org.postgresql.jdbc.PgStatement.executeQuery(PgStatement.java:244) ~[postgresql-42.5.0.jar:42.5.0]
	at com.Jeka8833.LinkBot.dataBase.LinkBotDB.read(LinkBotDB.java:41) ~[main/:?]
	at com.Jeka8833.LinkBot.Main.main(Main.java:19) ~[main/:?]
21:04:54 [LickBot Telegram Executor] BotSetup:98 INFO  - Jeka8833 Jeka8833 null 576685640 -> /now
21:04:59 [LickBot Telegram Executor] BotSetup:98 INFO  - Jeka8833 Jeka8833 null 576685640 -> /next
21:05:32 [LickBot Telegram Executor] BotSetup:98 INFO  - Jeka8833 Jeka8833 null 576685640 -> /time
21:08:31 [LickBot Telegram Executor] BotSetup:98 INFO  - Jeka8833 Jeka8833 null 576685640 -> /notification
21:08:56 [LickBot Telegram Executor] BotSetup:98 INFO  - Jeka8833 Jeka8833 null 576685640 -> /next
21:08:57 [LickBot Telegram Executor] BotSetup:98 INFO  - Jeka8833 Jeka8833 null 576685640 -> /next
21:08:57 [LickBot Telegram Executor] BotSetup:98 INFO  - Jeka8833 Jeka8833 null 576685640 -> /hide
21:08:57 [LickBot Telegram Executor] BotSetup:98 INFO  - Jeka8833 Jeka8833 null 576685640 -> /hide
21:08:57 [LickBot Telegram Executor] BotSetup:98 INFO  - Jeka8833 Jeka8833 null 576685640 -> /time
21:08:58 [LickBot Telegram Executor] BotSetup:98 INFO  - Jeka8833 Jeka8833 null 576685640 -> /hide
21:08:58 [LickBot Telegram Executor] BotSetup:98 INFO  - Jeka8833 Jeka8833 null 576685640 -> /hide
21:08:58 [LickBot Telegram Executor] BotSetup:98 INFO  - Jeka8833 Jeka8833 null 576685640 -> /next
21:08:59 [LickBot Telegram Executor] BotSetup:98 INFO  - Jeka8833 Jeka8833 null 576685640 -> /hide
21:08:59 [LickBot Telegram Executor] BotSetup:98 INFO  - Jeka8833 Jeka8833 null 576685640 -> /notification
21:08:59 [LickBot Telegram Executor] BotSetup:98 INFO  - Jeka8833 Jeka8833 null 576685640 -> /next
21:08:59 [LickBot Telegram Executor] BotSetup:98 INFO  - Jeka8833 Jeka8833 null 576685640 -> /next
21:09:00 [LickBot Telegram Executor] BotSetup:98 INFO  - Jeka8833 Jeka8833 null 576685640 -> /time
21:09:00 [LickBot Telegram Executor] BotSetup:98 INFO  - Jeka8833 Jeka8833 null 576685640 -> /hide
21:09:01 [LickBot Telegram Executor] BotSetup:98 INFO  - Jeka8833 Jeka8833 null 576685640 -> /next
21:09:01 [LickBot Telegram Executor] BotSetup:98 INFO  - Jeka8833 Jeka8833 null 576685640 -> /time
21:09:02 [LickBot Telegram Executor] BotSetup:98 INFO  - Jeka8833 Jeka8833 null 576685640 -> /hide
21:09:02 [LickBot Telegram Executor] BotSetup:98 INFO  - Jeka8833 Jeka8833 null 576685640 -> /notification
21:09:02 [LickBot Telegram Executor] BotSetup:98 INFO  - Jeka8833 Jeka8833 null 576685640 -> /next
21:09:02 [LickBot Telegram Executor] BotSetup:98 INFO  - Jeka8833 Jeka8833 null 576685640 -> /next
21:09:03 [LickBot Telegram Executor] BotSetup:98 INFO  - Jeka8833 Jeka8833 null 576685640 -> /hide
21:09:03 [LickBot Telegram Executor] BotSetup:98 INFO  - Jeka8833 Jeka8833 null 576685640 -> /hide
21:09:03 [LickBot Telegram Executor] BotSetup:98 INFO  - Jeka8833 Jeka8833 null 576685640 -> /hide
21:09:03 [LickBot Telegram Executor] BotSetup:98 INFO  - Jeka8833 Jeka8833 null 576685640 -> /hide
21:09:05 [LickBot Telegram Executor] BotSetup:98 INFO  - Jeka8833 Jeka8833 null 576685640 -> /hide
21:09:08 [LickBot Telegram Executor] BotSetup:98 INFO  - Jeka8833 Jeka8833 null 576685640 -> /next
21:09:11 [LickBot Telegram Executor] BotSetup:98 INFO  - Jeka8833 Jeka8833 null 576685640 -> /now
21:09:15 [LickBot Telegram Executor] BotSetup:98 INFO  - Jeka8833 Jeka8833 null 576685640 -> /next
